
Hit:1 https://brave-browser-apt-release.s3.brave.com stable InRelease
Hit:2 https://packages.microsoft.com/repos/code stable InRelease
Hit:3 http://http.kali.org/kali kali-rolling InRelease
Reading package lists...
  libgtksourceview-3.0-1 libgtksourceview-3.0-common
  libgtksourceviewmm-3.0-0v5 libx265-209
  faraday libffado2 libnetcdf19t64 libpipewire-0.3-0t64
  libpipewire-0.3-modules libspa-0.2-bluetooth libspa-0.2-modules pipewire
0 upgraded, 0 newly installed, 0 to remove and 16 not upgraded.
Conf wordlists (2023.2.0 kali-rolling [all])
  UNIT                         LOAD   ACTIVE SUB     DESCRIPTION
  accounts-daemon.service      loaded active running Accounts Service
  colord.service               loaded active running Manage, Install and Generate Color Profiles
  containerd.service           loaded active running containerd container runtime
  cron.service                 loaded active running Regular background program processing daemon
  dbus.service                 loaded active running D-Bus System Message Bus
  docker.service               loaded active running Docker Application Container Engine
  getty@tty1.service           loaded active running Getty on tty1
  haveged.service              loaded active running Entropy Daemon based on the HAVEGE algorithm
  lightdm.service              loaded active running Light Display Manager
  ModemManager.service         loaded active running Modem Manager
  NetworkManager.service       loaded active running Network Manager
  pcscd.service                loaded active running PC/SC Smart Card Daemon
  polkit.service               loaded active running Authorization Manager
  qemu-guest-agent.service     loaded active running QEMU Guest Agent
  rtkit-daemon.service         loaded active running RealtimeKit Scheduling Policy Service
  serial-getty@ttyAMA0.service loaded active running Serial Getty on ttyAMA0
  spice-vdagentd.service       loaded active running Agent daemon for Spice guests
  ssh.service                  loaded active running OpenBSD Secure Shell server
  systemd-journald.service     loaded active running Journal Service
  systemd-logind.service       loaded active running User Login Management
  systemd-timesyncd.service    loaded active running Network Time Synchronization
  systemd-udevd.service        loaded active running Rule-based Manager for Device Events and Files
  udisks2.service              loaded active running Disk Manager
  upower.service               loaded active running Daemon for power management
  user@1000.service            loaded active running User Manager for UID 1000
  user@127.service             loaded active running User Manager for UID 127

Legend: LOAD   → Reflects whether the unit definition was properly loaded.
        ACTIVE → The high-level unit activation state, i.e. generalization of SUB.
        SUB    → The low-level unit activation state, values depend on unit type.

26 loaded units listed.
Filesystem      Size  Used Avail Use% Mounted on
udev            1.9G     0  1.9G   0% /dev
tmpfs           392M  1.4M  391M   1% /run
/dev/vda3        40G   33G  5.4G  86% /
tmpfs           2.0G  4.0K  2.0G   1% /dev/shm
efivarfs        256K   30K  227K  12% /sys/firmware/efi/efivars
tmpfs           5.0M     0  5.0M   0% /run/lock
tmpfs           2.0G   30M  1.9G   2% /tmp
/dev/vda2       977M  192K  977M   1% /boot/efi
tmpfs           1.0M     0  1.0M   0% /run/credentials/getty@tty1.service
tmpfs           1.0M     0  1.0M   0% /run/credentials/serial-getty@ttyAMA0.service
tmpfs           392M  120K  392M   1% /run/user/1000
tmpfs           1.0M     0  1.0M   0% /run/credentials/systemd-journald.service
tmpfs           392M  116K  392M   1% /run/user/127

Status: inactive
USER         PID %CPU %MEM    VSZ   RSS TTY      STAT START   TIME COMMAND
root           1  0.0  0.3  24220 13848 ?        Ss   04:52   0:05 /usr/lib/systemd/systemd --system --deserialize=57 splash
root           2  0.0  0.0      0     0 ?        S    04:52   0:00 [kthreadd]
root           3  0.0  0.0      0     0 ?        S    04:52   0:00 [pool_workqueue_release]
root           4  0.0  0.0      0     0 ?        I<   04:52   0:00 [kworker/R-rcu_gp]
root           5  0.0  0.0      0     0 ?        I<   04:52   0:00 [kworker/R-sync_wq]
root           6  0.0  0.0      0     0 ?        I<   04:52   0:00 [kworker/R-slub_flushwq]
root           7  0.0  0.0      0     0 ?        I<   04:52   0:00 [kworker/R-netns]
root           9  0.0  0.0      0     0 ?        I<   04:52   0:00 [kworker/0:0H-events_highpri]
root          12  0.0  0.0      0     0 ?        I<   04:52   0:00 [kworker/R-mm_percpu_wq]
top - 08:02:17 up  3:09,  5 users,  load average: 0.37, 0.26, 0.20
Tasks: 235 total,   1 running, 234 sleeping,   0 stopped,   0 zombie
%Cpu(s):  0.0 us,  0.0 sy,  0.0 ni,100.0 id,  0.0 wa,  0.0 hi,  0.0 si,  0.0 st 
MiB Mem :   3917.1 total,    207.3 free,   1869.2 used,   2140.6 buff/cache     
MiB Swap:   2330.0 total,   2328.7 free,      1.3 used.   2047.9 avail Mem 

    PID USER      PR  NI    VIRT    RES    SHR S  %CPU  %MEM     TIME+ COMMAND
 116842 root      20   0   10116   4652   2732 R   9.1   0.1   0:00.01 top
      1 root      20   0   24220  13848   9944 S   0.0   0.3   0:05.70 systemd
      2 root      20   0       0      0      0 S   0.0   0.0   0:00.03 kthreadd
total 8064
-rw-r--r-- 1 root root  194560 Feb  4 00:00 alternatives.tar.0
-rw-r--r-- 1 root root   12151 Jan 26 23:17 alternatives.tar.1.gz
-rw-r--r-- 1 root root   12085 Jan 25 00:00 alternatives.tar.2.gz
-rw-r--r-- 1 root root   12054 Jan 19 00:00 alternatives.tar.3.gz
-rw-r--r-- 1 root root   12667 Jan 17 00:00 alternatives.tar.4.gz
-rw-r--r-- 1 root root   11318 Jan 10 19:51 alternatives.tar.5.gz
-rw-r--r-- 1 root root   11506 Dec 30 23:32 alternatives.tar.6.gz
-rw-r--r-- 1 root root  168117 Feb  3 00:27 apt.extended_states.0
-rw-r--r-- 1 root root   18896 Feb  2 19:20 apt.extended_states.1.gz
-rw-r--r-- 1 root root   18953 Jan 25 14:50 apt.extended_states.2.gz
-rw-r--r-- 1 root root   17934 Jan 25 01:13 apt.extended_states.3.gz
-rw-r--r-- 1 root root   17472 Jan 24 17:15 apt.extended_states.4.gz
-rw-r--r-- 1 root root   17478 Jan 24 17:09 apt.extended_states.5.gz
-rw-r--r-- 1 root root   17054 Jan 18 19:45 apt.extended_states.6.gz
-rw-r--r-- 1 root root       0 Feb  4 00:00 dpkg.arch.0
-rw-r--r-- 1 root root      32 Feb  3 00:00 dpkg.arch.1.gz
-rw-r--r-- 1 root root      32 Jan 26 23:17 dpkg.arch.2.gz
-rw-r--r-- 1 root root      32 Jan 25 00:00 dpkg.arch.3.gz
-rw-r--r-- 1 root root      32 Jan 24 00:00 dpkg.arch.4.gz
-rw-r--r-- 1 root root      32 Jan 19 00:00 dpkg.arch.5.gz
-rw-r--r-- 1 root root      32 Jan 18 00:00 dpkg.arch.6.gz
-rw-r--r-- 1 root root    8218 Jan 25 01:13 dpkg.diversions.0
-rw-r--r-- 1 root root    1544 Jan 25 01:13 dpkg.diversions.1.gz
-rw-r--r-- 1 root root    1544 Jan 25 01:13 dpkg.diversions.2.gz
-rw-r--r-- 1 root root    1544 Jan 24 23:21 dpkg.diversions.3.gz
-rw-r--r-- 1 root root    1524 Dec 29 03:12 dpkg.diversions.4.gz
-rw-r--r-- 1 root root    1524 Dec 29 03:12 dpkg.diversions.5.gz
-rw-r--r-- 1 root root    1524 Dec 29 03:12 dpkg.diversions.6.gz
-rw-r--r-- 1 root root     784 Dec 31 16:18 dpkg.statoverride.0
-rw-r--r-- 1 root root     313 Dec 31 16:18 dpkg.statoverride.1.gz
-rw-r--r-- 1 root root     313 Dec 31 16:18 dpkg.statoverride.2.gz
-rw-r--r-- 1 root root     313 Dec 31 16:18 dpkg.statoverride.3.gz
-rw-r--r-- 1 root root     313 Dec 31 16:18 dpkg.statoverride.4.gz
-rw-r--r-- 1 root root     313 Dec 31 16:18 dpkg.statoverride.5.gz
-rw-r--r-- 1 root root     313 Dec 31 16:18 dpkg.statoverride.6.gz
-rw-r--r-- 1 root root 3123231 Feb  3 00:27 dpkg.status.0
-rw-r--r-- 1 root root  780599 Feb  2 19:20 dpkg.status.1.gz
-rw-r--r-- 1 root root  780542 Jan 25 14:50 dpkg.status.2.gz
-rw-r--r-- 1 root root  733612 Jan 24 23:22 dpkg.status.3.gz
-rw-r--r-- 1 root root  719607 Jan 23 22:33 dpkg.status.4.gz
-rw-r--r-- 1 root root  719026 Jan 18 19:45 dpkg.status.5.gz
-rw-r--r-- 1 root root  726721 Jan 17 21:00 dpkg.status.6.gz

